<?xml version="1.0" encoding="UTF-8"?>
<testsuite name="com.moodAnalyser.TestCasesMoodAnalyser" tests="1" skipped="0" failures="0" errors="0" timestamp="2019-11-26T06:38:37" hostname="admin1-Lenovo-Product" time="0.001">
  <properties/>
  <testcase name="givenMessage_WithHappyMood_ShouldReturnSad" classname="com.moodAnalyser.TestCasesMoodAnalyser" time="0.001"/>
  <system-out><![CDATA[]]></system-out>
  <system-err><![CDATA[]]></system-err>
</testsuite>
